c:\users\dell\source\repos\project\project\x64\debug\vc142.pdb
c:\users\dell\source\repos\project\project\x64\debug\vc142.idb
c:\users\dell\source\repos\project\project\x64\debug\lazy9.obj
c:\users\dell\source\repos\project\project\x64\debug\test8.obj
c:\users\dell\source\repos\project\project\x64\debug\lazy10.obj
c:\users\dell\source\repos\project\project\x64\debug\test10.obj
c:\users\dell\source\repos\project\project\x64\debug\test11.obj
c:\users\dell\source\repos\project\project\x64\debug\lazy11.obj
c:\users\dell\source\repos\project\project\x64\debug\lazy4.obj
c:\users\dell\source\repos\project\project\x64\debug\unit12.obj
c:\users\dell\source\repos\project\project\x64\debug\lazy12.obj
c:\users\dell\source\repos\project\project\x64\debug\lazy13.obj
c:\users\dell\source\repos\project\project\x64\debug\source.obj
c:\users\dell\source\repos\project\project\x64\debug\lazy14.obj
c:\users\dell\source\repos\project\project\x64\debug\lazy15.obj
c:\users\dell\source\repos\project\project\x64\debug\lazy16.obj
c:\users\dell\source\repos\project\project\x64\debug\lazy17.obj
c:\users\dell\source\repos\project\project\x64\debug\lazy18.obj
c:\users\dell\source\repos\project\project\x64\debug\lazy20.obj
c:\users\dell\source\repos\project\project\x64\debug\lazy19.obj
c:\users\dell\source\repos\project\project\x64\debug\lazy28.obj
c:\users\dell\source\repos\project\project\x64\debug\lazy29.obj
c:\users\dell\source\repos\project\project\x64\debug\lazy30.obj
c:\users\dell\source\repos\project\project\x64\debug\lazy21-music.obj
c:\users\dell\source\repos\project\x64\debug\lazyfooreal.exe
c:\users\dell\source\repos\project\x64\debug\lazyfooreal.ilk
c:\users\dell\source\repos\project\x64\debug\lazyfooreal.pdb
c:\users\dell\source\repos\project\project\x64\debug\lazyfooreal.tlog\cl.command.1.tlog
c:\users\dell\source\repos\project\project\x64\debug\lazyfooreal.tlog\cl.read.1.tlog
c:\users\dell\source\repos\project\project\x64\debug\lazyfooreal.tlog\cl.write.1.tlog
c:\users\dell\source\repos\project\project\x64\debug\lazyfooreal.tlog\link.command.1.tlog
c:\users\dell\source\repos\project\project\x64\debug\lazyfooreal.tlog\link.read.1.tlog
c:\users\dell\source\repos\project\project\x64\debug\lazyfooreal.tlog\link.write.1.tlog
